2015-10-26 10:08:59:INFO Timer-0 com.dinfo.crawl.test.Task2 - >>>>>>>>>>>>>>>>>>>>>>>(Task2)生成任务！
2015-10-26 10:08:59:INFO Timer-0 com.dinfo.crawl.test.Task2 - >>>>>>>>>>>>>>>>>>>>>>>(Task2)生成任务！
2015-10-26 10:08:59:INFO Timer-0 com.dinfo.crawl.test.Task2 - >>>>>>>>>>>>>>>>>>>>>>>(Task2)生成任务！
2015-10-26 10:08:59:INFO Timer-0 com.dinfo.crawl.test.Task2 - >>>>>>>>>>>>>>>>>>>>>>>(Task2)生成任务！
2015-10-26 10:08:59:INFO Timer-0 com.dinfo.crawl.test.Task2 - >>>>>>>>>>>>>>>>>>>>>>>(Task2)生成任务！
2015-10-26 10:08:59:INFO Timer-0 com.dinfo.crawl.test.Task2 - >>>>>>>>>>>>>>>>>>>>>>>(Task2)生成任务！
2015-10-26 10:08:59:INFO Timer-0 com.dinfo.crawl.test.Task2 - >>>>>>>>>>>>>>>>>>>>>>>(Task2)生成任务！
2015-10-26 10:09:00:INFO Timer-0 com.dinfo.crawl.test.Task2 - >>>>>>>>>>>>>>>>>>>>>>>(Task2)生成任务！
2015-10-26 10:09:00:INFO Timer-0 com.dinfo.crawl.test.Task2 - >>>>>>>>>>>>>>>>>>>>>>>(Task2)生成任务！
2015-10-26 10:09:00:INFO Timer-0 com.dinfo.crawl.test.Task2 - >>>>>>>>>>>>>>>>>>>>>>>(Task2)生成任务！
2015-10-26 10:09:00:INFO Timer-0 com.dinfo.crawl.test.Task2 - >>>>>>>>>>>>>>>>>>>>>>>(Task2)生成任务！
2015-10-26 10:09:00:INFO Timer-0 com.dinfo.crawl.test.Task2 - >>>>>>>>>>>>>>>>>>>>>>>(Task2)生成任务！
2015-10-26 10:09:00:INFO Timer-0 com.dinfo.crawl.test.Task2 - >>>>>>>>>>>>>>>>>>>>>>>(Task2)生成任务！
2015-10-26 10:09:00:INFO Timer-0 com.dinfo.crawl.test.Task2 - >>>>>>>>>>>>>>>>>>>>>>>(Task2)生成任务！
2015-10-26 10:09:00:INFO Timer-0 com.dinfo.crawl.test.Task2 - >>>>>>>>>>>>>>>>>>>>>>>(Task2)生成任务！
2015-10-26 10:09:00:INFO Timer-0 com.dinfo.crawl.test.Task2 - >>>>>>>>>>>>>>>>>>>>>>>(Task2)生成任务！
2015-10-26 10:09:00:INFO Timer-0 com.dinfo.crawl.test.Task2 - >>>>>>>>>>>>>>>>>>>>>>>(Task2)生成任务！
2015-10-26 10:09:00:INFO Timer-0 com.dinfo.crawl.test.Task2 - >>>>>>>>>>>>>>>>>>>>>>>(Task2)生成任务！
2015-10-26 10:09:01:INFO Timer-0 com.dinfo.crawl.test.Task2 - >>>>>>>>>>>>>>>>>>>>>>>(Task2)生成任务！
2015-10-26 10:09:01:INFO Timer-0 com.dinfo.crawl.test.Task2 - >>>>>>>>>>>>>>>>>>>>>>>(Task2)生成任务！
2015-10-26 10:09:01:INFO Timer-0 com.dinfo.crawl.test.Task2 - >>>>>>>>>>>>>>>>>>>>>>>(Task2)生成任务！
2015-10-26 10:09:01:INFO Timer-0 com.dinfo.crawl.test.Task2 - >>>>>>>>>>>>>>>>>>>>>>>(Task2)生成任务！
2015-10-26 10:09:01:INFO Timer-0 com.dinfo.crawl.test.Task2 - >>>>>>>>>>>>>>>>>>>>>>>(Task2)生成任务！
2015-10-26 10:09:01:INFO Timer-0 com.dinfo.crawl.test.Task2 - >>>>>>>>>>>>>>>>>>>>>>>(Task2)生成任务！
2015-10-26 10:09:01:INFO Timer-0 com.dinfo.crawl.test.Task2 - >>>>>>>>>>>>>>>>>>>>>>>(Task2)生成任务！
2015-10-26 10:09:02:INFO Timer-0 com.dinfo.crawl.test.Task2 - >>>>>>>>>>>>>>>>>>>>>>>(Task2)添加config到数据库！
2015-10-26 10:09:02:INFO Timer-0 com.dinfo.crawl.test.Task2 - >>>>>>>>>>>>>>>>>>>>>>>(Task2)生成任务！
2015-10-26 10:09:02:INFO Timer-0 com.dinfo.crawl.test.Task2 - >>>>>>>>>>>>>>>>>>>>>>>(Task2)生成任务！
2015-10-26 10:09:02:INFO Timer-0 com.dinfo.crawl.test.Task2 - >>>>>>>>>>>>>>>>>>>>>>>(Task2)生成任务！
2015-10-26 10:09:02:INFO Timer-0 com.dinfo.crawl.test.Task2 - >>>>>>>>>>>>>>>>>>>>>>>(Task2)生成任务！
2015-10-26 10:09:02:INFO Timer-0 com.dinfo.crawl.test.Task2 - >>>>>>>>>>>>>>>>>>>>>>>(Task2)生成任务！
2015-10-26 10:09:02:INFO Timer-0 com.dinfo.crawl.test.Task2 - >>>>>>>>>>>>>>>>>>>>>>>(Task2)生成任务！
2015-10-26 10:09:02:INFO Timer-0 com.dinfo.crawl.test.Task2 - >>>>>>>>>>>>>>>>>>>>>>>(Task2)生成任务！
2015-10-26 10:09:03:INFO Timer-0 com.dinfo.crawl.test.Task2 - >>>>>>>>>>>>>>>>>>>>>>>(Task2)生成任务！
2015-10-26 10:09:03:INFO Timer-0 com.dinfo.crawl.test.Task2 - >>>>>>>>>>>>>>>>>>>>>>>(Task2)生成任务！
2015-10-26 10:09:03:INFO Timer-0 com.dinfo.crawl.test.Task2 - >>>>>>>>>>>>>>>>>>>>>>>(Task2)生成任务！
2015-10-26 10:09:03:INFO Timer-0 com.dinfo.crawl.test.Task2 - >>>>>>>>>>>>>>>>>>>>>>>(Task2)生成任务！
2015-10-26 10:09:03:INFO Timer-0 com.dinfo.crawl.test.Task2 - >>>>>>>>>>>>>>>>>>>>>>>(Task2)生成任务！
2015-10-26 10:09:03:INFO Timer-0 com.dinfo.crawl.test.Task2 - >>>>>>>>>>>>>>>>>>>>>>>(Task2)生成任务！
2015-10-26 10:09:03:INFO Timer-0 com.dinfo.crawl.test.Task2 - >>>>>>>>>>>>>>>>>>>>>>>(Task2)生成任务！
2015-10-26 10:09:03:INFO Timer-0 com.dinfo.crawl.test.Task2 - >>>>>>>>>>>>>>>>>>>>>>>(Task2)生成任务！
2015-10-26 10:09:03:INFO Timer-0 com.dinfo.crawl.test.Task2 - >>>>>>>>>>>>>>>>>>>>>>>(Task2)生成任务！
2015-10-26 10:09:03:INFO Timer-0 com.dinfo.crawl.test.Task2 - >>>>>>>>>>>>>>>>>>>>>>>(Task2)生成任务！
2015-10-26 10:09:03:INFO Timer-0 com.dinfo.crawl.test.Task2 - >>>>>>>>>>>>>>>>>>>>>>>(Task2)生成任务！
2015-10-26 10:09:03:INFO Timer-0 com.dinfo.crawl.test.Task2 - >>>>>>>>>>>>>>>>>>>>>>>(Task2)生成任务！
2015-10-26 10:09:03:INFO Timer-0 com.dinfo.crawl.test.Task2 - >>>>>>>>>>>>>>>>>>>>>>>(Task2)生成任务！
2015-10-26 10:09:03:INFO Timer-0 com.dinfo.crawl.test.Task2 - >>>>>>>>>>>>>>>>>>>>>>>(Task2)生成任务！
2015-10-26 10:09:03:INFO Timer-0 com.dinfo.crawl.test.Task2 - >>>>>>>>>>>>>>>>>>>>>>>(Task2)生成任务！
2015-10-26 10:09:04:INFO Timer-0 com.dinfo.crawl.test.Task2 - >>>>>>>>>>>>>>>>>>>>>>>(Task2)生成任务！
2015-10-26 10:09:04:INFO Timer-0 com.dinfo.crawl.test.Task2 - >>>>>>>>>>>>>>>>>>>>>>>(Task2)生成任务！
2015-10-26 10:09:04:INFO Timer-0 com.dinfo.crawl.test.Task2 - >>>>>>>>>>>>>>>>>>>>>>>(Task2)生成任务！
2015-10-26 10:09:04:INFO Timer-0 com.dinfo.crawl.test.Task2 - >>>>>>>>>>>>>>>>>>>>>>>(Task2)生成任务！
2015-10-26 10:09:04:INFO Timer-0 com.dinfo.crawl.test.Task2 - >>>>>>>>>>>>>>>>>>>>>>>(Task2)生成任务！
2015-10-26 10:09:04:INFO Timer-0 com.dinfo.crawl.test.Task2 - >>>>>>>>>>>>>>>>>>>>>>>(Task2)生成任务！
2015-10-26 10:09:04:INFO Timer-0 com.dinfo.crawl.test.Task2 - >>>>>>>>>>>>>>>>>>>>>>>(Task2)生成任务！
2015-10-26 10:09:04:INFO Timer-0 com.dinfo.crawl.test.Task2 - >>>>>>>>>>>>>>>>>>>>>>>(Task2)生成任务！
2015-10-26 10:09:04:INFO Timer-0 com.dinfo.crawl.test.Task2 - >>>>>>>>>>>>>>>>>>>>>>>(Task2)生成任务！
2015-10-26 10:09:04:INFO Timer-0 com.dinfo.crawl.test.Task2 - >>>>>>>>>>>>>>>>>>>>>>>(Task2)生成任务！
2015-10-26 10:09:04:INFO Timer-0 com.dinfo.crawl.test.Task2 - >>>>>>>>>>>>>>>>>>>>>>>(Task2)生成任务！
2015-10-26 10:09:04:INFO Timer-0 com.dinfo.crawl.test.Task2 - >>>>>>>>>>>>>>>>>>>>>>>(Task2)生成任务！
2015-10-26 10:09:04:INFO Timer-0 com.dinfo.crawl.test.Task2 - >>>>>>>>>>>>>>>>>>>>>>>(Task2)生成任务！
2015-10-26 10:09:05:INFO Timer-0 com.dinfo.crawl.test.Task2 - >>>>>>>>>>>>>>>>>>>>>>>(Task2)生成任务！
2015-10-26 10:09:05:INFO Timer-0 com.dinfo.crawl.test.Task2 - >>>>>>>>>>>>>>>>>>>>>>>(Task2)生成任务！
2015-10-26 10:09:05:INFO Timer-0 com.dinfo.crawl.test.Task2 - >>>>>>>>>>>>>>>>>>>>>>>(Task2)生成任务！
2015-10-26 10:09:05:INFO Timer-0 com.dinfo.crawl.test.Task2 - >>>>>>>>>>>>>>>>>>>>>>>(Task2)生成任务！
2015-10-26 10:09:06:INFO Timer-0 com.dinfo.crawl.test.Task2 - >>>>>>>>>>>>>>>>>>>>>>>(Task2)添加config到数据库！
2015-10-26 10:09:06:INFO Timer-0 com.dinfo.crawl.test.Task2 - >>>>>>>>>>>>>>>>>>>>>>>(Task2)生成任务！
2015-10-26 10:09:06:INFO Timer-0 com.dinfo.crawl.test.Task2 - >>>>>>>>>>>>>>>>>>>>>>>(Task2)生成任务！
2015-10-26 10:09:06:INFO Timer-0 com.dinfo.crawl.test.Task2 - >>>>>>>>>>>>>>>>>>>>>>>(Task2)生成任务！
2015-10-26 10:09:06:INFO Timer-0 com.dinfo.crawl.test.Task2 - >>>>>>>>>>>>>>>>>>>>>>>(Task2)生成任务！
2015-10-26 10:09:07:INFO Timer-0 com.dinfo.crawl.test.Task2 - >>>>>>>>>>>>>>>>>>>>>>>(Task2)生成任务！
2015-10-26 10:09:07:INFO Timer-0 com.dinfo.crawl.test.Task2 - >>>>>>>>>>>>>>>>>>>>>>>(Task2)生成任务！
2015-10-26 10:09:07:INFO Timer-0 com.dinfo.crawl.test.Task2 - >>>>>>>>>>>>>>>>>>>>>>>(Task2)生成任务！
2015-10-26 10:09:07:INFO Timer-0 com.dinfo.crawl.test.Task2 - >>>>>>>>>>>>>>>>>>>>>>>(Task2)生成任务！
2015-10-26 10:09:07:INFO Timer-0 com.dinfo.crawl.test.Task2 - >>>>>>>>>>>>>>>>>>>>>>>(Task2)生成任务！
2015-10-26 10:09:07:INFO Timer-0 com.dinfo.crawl.test.Task2 - >>>>>>>>>>>>>>>>>>>>>>>(Task2)生成任务！
2015-10-26 10:09:07:INFO Timer-0 com.dinfo.crawl.test.Task2 - >>>>>>>>>>>>>>>>>>>>>>>(Task2)生成任务！
2015-10-26 10:09:07:INFO Timer-0 com.dinfo.crawl.test.Task2 - >>>>>>>>>>>>>>>>>>>>>>>(Task2)生成任务！
2015-10-26 10:09:07:INFO Timer-0 com.dinfo.crawl.test.Task2 - >>>>>>>>>>>>>>>>>>>>>>>(Task2)生成任务！
2015-10-26 10:09:07:INFO Timer-0 com.dinfo.crawl.test.Task2 - >>>>>>>>>>>>>>>>>>>>>>>(Task2)生成任务！
2015-10-26 10:09:07:INFO Timer-0 com.dinfo.crawl.test.Task2 - >>>>>>>>>>>>>>>>>>>>>>>(Task2)生成任务！
2015-10-26 10:09:07:INFO Timer-0 com.dinfo.crawl.test.Task2 - >>>>>>>>>>>>>>>>>>>>>>>(Task2)生成任务！
2015-10-26 10:09:08:INFO Timer-0 com.dinfo.crawl.test.Task2 - >>>>>>>>>>>>>>>>>>>>>>>(Task2)生成任务！
2015-10-26 10:09:08:INFO Timer-0 com.dinfo.crawl.test.Task2 - >>>>>>>>>>>>>>>>>>>>>>>(Task2)生成任务！
2015-10-26 10:09:08:INFO Timer-0 com.dinfo.crawl.test.Task2 - >>>>>>>>>>>>>>>>>>>>>>>(Task2)生成任务！
2015-10-26 10:09:08:INFO Timer-0 com.dinfo.crawl.test.Task2 - >>>>>>>>>>>>>>>>>>>>>>>(Task2)生成任务！
2015-10-26 10:09:08:INFO Timer-0 com.dinfo.crawl.test.Task2 - >>>>>>>>>>>>>>>>>>>>>>>(Task2)生成任务！
2015-10-26 10:09:08:INFO Timer-0 com.dinfo.crawl.test.Task2 - >>>>>>>>>>>>>>>>>>>>>>>(Task2)生成任务！
2015-10-26 10:09:08:INFO Timer-0 com.dinfo.crawl.test.Task2 - >>>>>>>>>>>>>>>>>>>>>>>(Task2)生成任务！
2015-10-26 10:09:08:INFO Timer-0 com.dinfo.crawl.test.Task2 - >>>>>>>>>>>>>>>>>>>>>>>(Task2)生成任务！
2015-10-26 10:09:08:INFO Timer-0 com.dinfo.crawl.test.Task2 - >>>>>>>>>>>>>>>>>>>>>>>(Task2)生成任务！
2015-10-26 10:09:08:INFO Timer-0 com.dinfo.crawl.test.Task2 - >>>>>>>>>>>>>>>>>>>>>>>(Task2)生成任务！
2015-10-26 10:09:08:INFO Timer-0 com.dinfo.crawl.test.Task2 - >>>>>>>>>>>>>>>>>>>>>>>(Task2)生成任务！
2015-10-26 10:09:08:INFO Timer-0 com.dinfo.crawl.test.Task2 - >>>>>>>>>>>>>>>>>>>>>>>(Task2)生成任务！
2015-10-26 10:09:08:INFO Timer-0 com.dinfo.crawl.test.Task2 - >>>>>>>>>>>>>>>>>>>>>>>(Task2)生成任务！
2015-10-26 10:09:08:INFO Timer-0 com.dinfo.crawl.test.Task2 - >>>>>>>>>>>>>>>>>>>>>>>(Task2)生成任务！
2015-10-26 10:09:08:INFO Timer-0 com.dinfo.crawl.test.Task2 - >>>>>>>>>>>>>>>>>>>>>>>(Task2)生成任务！
2015-10-26 10:09:09:INFO Timer-0 com.dinfo.crawl.test.Task2 - >>>>>>>>>>>>>>>>>>>>>>>(Task2)生成任务！
2015-10-26 10:09:09:INFO Timer-0 com.dinfo.crawl.test.Task2 - >>>>>>>>>>>>>>>>>>>>>>>(Task2)生成任务！
2015-10-26 10:09:09:INFO Timer-0 com.dinfo.crawl.test.Task2 - >>>>>>>>>>>>>>>>>>>>>>>(Task2)生成任务！
2015-10-26 10:09:09:INFO Timer-0 com.dinfo.crawl.test.Task2 - >>>>>>>>>>>>>>>>>>>>>>>(Task2)生成任务！
2015-10-26 10:09:09:INFO Timer-0 com.dinfo.crawl.test.Task2 - >>>>>>>>>>>>>>>>>>>>>>>(Task2)生成任务！
2015-10-26 10:09:09:INFO Timer-0 com.dinfo.crawl.test.Task2 - >>>>>>>>>>>>>>>>>>>>>>>(Task2)生成任务！
2015-10-26 10:09:09:INFO Timer-0 com.dinfo.crawl.test.Task2 - >>>>>>>>>>>>>>>>>>>>>>>(Task2)生成任务！
2015-10-26 10:09:09:INFO Timer-0 com.dinfo.crawl.test.Task2 - >>>>>>>>>>>>>>>>>>>>>>>(Task2)生成任务！
2015-10-26 10:09:09:INFO Timer-0 com.dinfo.crawl.test.Task2 - >>>>>>>>>>>>>>>>>>>>>>>(Task2)生成任务！
2015-10-26 10:09:09:INFO Timer-0 com.dinfo.crawl.test.Task2 - >>>>>>>>>>>>>>>>>>>>>>>(Task2)生成任务！
2015-10-26 10:09:09:INFO Timer-0 com.dinfo.crawl.test.Task2 - >>>>>>>>>>>>>>>>>>>>>>>(Task2)生成任务！
2015-10-26 10:09:09:INFO Timer-0 com.dinfo.crawl.test.Task2 - >>>>>>>>>>>>>>>>>>>>>>>(Task2)生成任务！
2015-10-26 10:09:09:INFO Timer-0 com.dinfo.crawl.test.Task2 - >>>>>>>>>>>>>>>>>>>>>>>(Task2)生成任务！
2015-10-26 10:09:09:INFO Timer-0 com.dinfo.crawl.test.Task2 - >>>>>>>>>>>>>>>>>>>>>>>(Task2)生成任务！
2015-10-26 10:09:09:INFO Timer-0 com.dinfo.crawl.test.Task2 - >>>>>>>>>>>>>>>>>>>>>>>(Task2)生成任务！
2015-10-26 10:09:10:INFO Timer-0 com.dinfo.crawl.test.Task2 - >>>>>>>>>>>>>>>>>>>>>>>(Task2)生成任务！
2015-10-26 10:09:10:INFO Timer-0 com.dinfo.crawl.test.Task2 - >>>>>>>>>>>>>>>>>>>>>>>(Task2)生成任务！
2015-10-26 10:09:10:INFO Timer-0 com.dinfo.crawl.test.Task2 - >>>>>>>>>>>>>>>>>>>>>>>(Task2)生成任务！
2015-10-26 10:09:10:INFO Timer-0 com.dinfo.crawl.test.Task2 - >>>>>>>>>>>>>>>>>>>>>>>(Task2)生成任务！
2015-10-26 10:09:10:INFO Timer-0 com.dinfo.crawl.test.Task2 - >>>>>>>>>>>>>>>>>>>>>>>(Task2)生成任务！
2015-10-26 10:09:10:INFO Timer-0 com.dinfo.crawl.test.Task2 - >>>>>>>>>>>>>>>>>>>>>>>(Task2)生成任务！
2015-10-26 10:09:10:INFO Timer-0 com.dinfo.crawl.test.Task2 - >>>>>>>>>>>>>>>>>>>>>>>(Task2)生成任务！
2015-10-26 10:09:10:INFO Timer-0 com.dinfo.crawl.test.Task2 - >>>>>>>>>>>>>>>>>>>>>>>(Task2)生成任务！
2015-10-26 10:09:10:INFO Timer-0 com.dinfo.crawl.test.Task2 - >>>>>>>>>>>>>>>>>>>>>>>(Task2)生成任务！
2015-10-26 10:09:11:INFO Timer-0 com.dinfo.crawl.test.Task2 - >>>>>>>>>>>>>>>>>>>>>>>(Task2)添加config到数据库！
2015-10-26 10:09:11:INFO Timer-0 com.dinfo.crawl.test.Task2 - >>>>>>>>>>>>>>>>>>>>>>>(Task2)生成任务！
2015-10-26 10:09:11:INFO Timer-0 com.dinfo.crawl.test.Task2 - >>>>>>>>>>>>>>>>>>>>>>>(Task2)生成任务！
2015-10-26 10:09:11:INFO Timer-0 com.dinfo.crawl.test.Task2 - >>>>>>>>>>>>>>>>>>>>>>>(Task2)生成任务！
2015-10-26 10:09:11:INFO Timer-0 com.dinfo.crawl.test.Task2 - >>>>>>>>>>>>>>>>>>>>>>>(Task2)生成任务！
2015-10-26 10:09:11:INFO Timer-0 com.dinfo.crawl.test.Task2 - >>>>>>>>>>>>>>>>>>>>>>>(Task2)生成任务！
2015-10-26 10:09:11:INFO Timer-0 com.dinfo.crawl.test.Task2 - >>>>>>>>>>>>>>>>>>>>>>>(Task2)生成任务！
2015-10-26 10:09:11:INFO Timer-0 com.dinfo.crawl.test.Task2 - >>>>>>>>>>>>>>>>>>>>>>>(Task2)生成任务！
2015-10-26 10:09:11:INFO Timer-0 com.dinfo.crawl.test.Task2 - >>>>>>>>>>>>>>>>>>>>>>>(Task2)生成任务！
2015-10-26 10:09:11:INFO Timer-0 com.dinfo.crawl.test.Task2 - >>>>>>>>>>>>>>>>>>>>>>>(Task2)生成任务！
2015-10-26 10:09:12:INFO Timer-0 com.dinfo.crawl.test.Task2 - >>>>>>>>>>>>>>>>>>>>>>>(Task2)生成任务！
2015-10-26 10:09:12:INFO Timer-0 com.dinfo.crawl.test.Task2 - >>>>>>>>>>>>>>>>>>>>>>>(Task2)生成任务！
2015-10-26 10:09:12:INFO Timer-0 com.dinfo.crawl.test.Task2 - >>>>>>>>>>>>>>>>>>>>>>>(Task2)生成任务！
2015-10-26 10:09:12:INFO Timer-0 com.dinfo.crawl.test.Task2 - >>>>>>>>>>>>>>>>>>>>>>>(Task2)生成任务！
2015-10-26 10:09:12:INFO Timer-0 com.dinfo.crawl.test.Task2 - >>>>>>>>>>>>>>>>>>>>>>>(Task2)生成任务！
2015-10-26 10:09:12:INFO Timer-0 com.dinfo.crawl.test.Task2 - >>>>>>>>>>>>>>>>>>>>>>>(Task2)生成任务！
2015-10-26 10:09:12:INFO Timer-0 com.dinfo.crawl.test.Task2 - >>>>>>>>>>>>>>>>>>>>>>>(Task2)生成任务！
2015-10-26 10:09:12:INFO Timer-0 com.dinfo.crawl.test.Task2 - >>>>>>>>>>>>>>>>>>>>>>>(Task2)生成任务！
2015-10-26 10:09:12:INFO Timer-0 com.dinfo.crawl.test.Task2 - >>>>>>>>>>>>>>>>>>>>>>>(Task2)生成任务！
2015-10-26 10:09:12:INFO Timer-0 com.dinfo.crawl.test.Task2 - >>>>>>>>>>>>>>>>>>>>>>>(Task2)生成任务！
2015-10-26 10:09:12:INFO Timer-0 com.dinfo.crawl.test.Task2 - >>>>>>>>>>>>>>>>>>>>>>>(Task2)生成任务！
2015-10-26 10:09:12:INFO Timer-0 com.dinfo.crawl.test.Task2 - >>>>>>>>>>>>>>>>>>>>>>>(Task2)生成任务！
2015-10-26 10:09:12:INFO Timer-0 com.dinfo.crawl.test.Task2 - >>>>>>>>>>>>>>>>>>>>>>>(Task2)生成任务！
2015-10-26 10:09:13:INFO Timer-0 com.dinfo.crawl.test.Task2 - >>>>>>>>>>>>>>>>>>>>>>>(Task2)生成任务！
2015-10-26 10:09:13:INFO Timer-0 com.dinfo.crawl.test.Task2 - >>>>>>>>>>>>>>>>>>>>>>>(Task2)生成任务！
2015-10-26 10:09:13:INFO Timer-0 com.dinfo.crawl.test.Task2 - >>>>>>>>>>>>>>>>>>>>>>>(Task2)生成任务！
2015-10-26 10:09:13:INFO Timer-0 com.dinfo.crawl.test.Task2 - >>>>>>>>>>>>>>>>>>>>>>>(Task2)生成任务！
2015-10-26 10:09:13:INFO Timer-0 com.dinfo.crawl.test.Task2 - >>>>>>>>>>>>>>>>>>>>>>>(Task2)生成任务！
2015-10-26 10:09:13:INFO Timer-0 com.dinfo.crawl.test.Task2 - >>>>>>>>>>>>>>>>>>>>>>>(Task2)生成任务！
2015-10-26 10:09:13:INFO Timer-0 com.dinfo.crawl.test.Task2 - >>>>>>>>>>>>>>>>>>>>>>>(Task2)生成任务！
2015-10-26 10:09:13:INFO Timer-0 com.dinfo.crawl.test.Task2 - >>>>>>>>>>>>>>>>>>>>>>>(Task2)生成任务！
2015-10-26 10:09:13:INFO Timer-0 com.dinfo.crawl.test.Task2 - >>>>>>>>>>>>>>>>>>>>>>>(Task2)生成任务！
2015-10-26 10:09:13:INFO Timer-0 com.dinfo.crawl.test.Task2 - >>>>>>>>>>>>>>>>>>>>>>>(Task2)生成任务！
2015-10-26 10:09:13:INFO Timer-0 com.dinfo.crawl.test.Task2 - >>>>>>>>>>>>>>>>>>>>>>>(Task2)生成任务！
2015-10-26 10:09:13:INFO Timer-0 com.dinfo.crawl.test.Task2 - >>>>>>>>>>>>>>>>>>>>>>>(Task2)生成任务！
2015-10-26 10:09:13:INFO Timer-0 com.dinfo.crawl.test.Task2 - >>>>>>>>>>>>>>>>>>>>>>>(Task2)生成任务！
2015-10-26 10:09:14:INFO Timer-0 com.dinfo.crawl.test.Task2 - >>>>>>>>>>>>>>>>>>>>>>>(Task2)生成任务！
2015-10-26 10:09:14:INFO Timer-0 com.dinfo.crawl.test.Task2 - >>>>>>>>>>>>>>>>>>>>>>>(Task2)生成任务！
2015-10-26 10:09:14:INFO Timer-0 com.dinfo.crawl.test.Task2 - >>>>>>>>>>>>>>>>>>>>>>>(Task2)生成任务！
2015-10-26 10:09:14:INFO Timer-0 com.dinfo.crawl.test.Task2 - >>>>>>>>>>>>>>>>>>>>>>>(Task2)生成任务！
2015-10-26 10:09:14:INFO Timer-0 com.dinfo.crawl.test.Task2 - >>>>>>>>>>>>>>>>>>>>>>>(Task2)添加config到数据库！
2015-10-26 10:12:14:INFO Timer-0 com.dinfo.crawl.test.Task2 - 》》》》》》生成任务2后，把采集状态置为1
2015-10-26 01:24:22:WARN Timer-0-EventThread org.apache.hadoop.hbase.client.ConnectionManager$HConnectionImplementation - This client just lost it's session with ZooKeeper, closing it. It will be recreated next time someone needs it
org.apache.zookeeper.KeeperException$SessionExpiredException: KeeperErrorCode = Session expired
	at org.apache.hadoop.hbase.zookeeper.ZooKeeperWatcher.connectionEvent(ZooKeeperWatcher.java:499)
	at org.apache.hadoop.hbase.zookeeper.ZooKeeperWatcher.process(ZooKeeperWatcher.java:410)
	at org.apache.zookeeper.ClientCnxn$EventThread.processEvent(ClientCnxn.java:522)
	at org.apache.zookeeper.ClientCnxn$EventThread.run(ClientCnxn.java:498)
2015-10-26 01:24:22:INFO Timer-0-EventThread org.apache.hadoop.hbase.client.ConnectionManager$HConnectionImplementation - Closing zookeeper sessionid=0x14f54ff023e486c
